{"/home/nastybit/Documents/MyProjects/instachatServer/src/instachat.api/Server.js": {"path":"/home/nastybit/Documents/MyProjects/instachatServer/src/instachat.api/Server.js","statementMap":{"0":{"start":{"line":1,"column":16},"end":{"line":1,"column":34}},"1":{"start":{"line":2,"column":13},"end":{"line":2,"column":28}},"2":{"start":{"line":3,"column":19},"end":{"line":3,"column":49}},"3":{"start":{"line":4,"column":12},"end":{"line":4,"column":21}},"4":{"start":{"line":5,"column":18},"end":{"line":5,"column":47}},"5":{"start":{"line":6,"column":20},"end":{"line":6,"column":55}},"6":{"start":{"line":8,"column":0},"end":{"line":8,"column":16}},"7":{"start":{"line":9,"column":0},"end":{"line":9,"column":24}},"8":{"start":{"line":10,"column":0},"end":{"line":10,"column":37}},"9":{"start":{"line":11,"column":0},"end":{"line":11,"column":68}},"10":{"start":{"line":13,"column":0},"end":{"line":13,"column":21}}},"fnMap":{},"branchMap":{},"s":{"0":1,"1":1,"2":1,"3":1,"4":1,"5":1,"6":1,"7":1,"8":1,"9":1,"10":1},"f":{},"b":{},"_coverageSchema":"1a1c01bbd47fc00a2c39e90264f33305004495a9","hash":"ecf3f18c22caab865a41ad69d65db9058a3d0fd2"}
,"/home/nastybit/Documents/MyProjects/instachatServer/src/instachat.api/Controllers/ChatController.js": {"path":"/home/nastybit/Documents/MyProjects/instachatServer/src/instachat.api/Controllers/ChatController.js","statementMap":{"0":{"start":{"line":1,"column":19},"end":{"line":1,"column":76}},"1":{"start":{"line":2,"column":20},"end":{"line":2,"column":73}},"2":{"start":{"line":3,"column":17},"end":{"line":3,"column":67}},"3":{"start":{"line":4,"column":21},"end":{"line":4,"column":53}},"4":{"start":{"line":9,"column":8},"end":{"line":9,"column":43}},"5":{"start":{"line":10,"column":8},"end":{"line":10,"column":52}},"6":{"start":{"line":11,"column":8},"end":{"line":11,"column":46}},"7":{"start":{"line":16,"column":28},"end":{"line":16,"column":57}},"8":{"start":{"line":18,"column":8},"end":{"line":34,"column":9}},"9":{"start":{"line":20,"column":29},"end":{"line":24,"column":14}},"10":{"start":{"line":26,"column":44},"end":{"line":26,"column":91}},"11":{"start":{"line":28,"column":12},"end":{"line":30,"column":14}},"12":{"start":{"line":33,"column":12},"end":{"line":33,"column":36}},"13":{"start":{"line":38,"column":21},"end":{"line":38,"column":51}},"14":{"start":{"line":39,"column":8},"end":{"line":39,"column":46}},"15":{"start":{"line":43,"column":23},"end":{"line":43,"column":43}},"16":{"start":{"line":44,"column":0},"end":{"line":44,"column":31}}},"fnMap":{"0":{"name":"(anonymous_0)","decl":{"start":{"line":8,"column":4},"end":{"line":8,"column":5}},"loc":{"start":{"line":8,"column":17},"end":{"line":12,"column":5}},"line":8},"1":{"name":"(anonymous_1)","decl":{"start":{"line":14,"column":4},"end":{"line":14,"column":5}},"loc":{"start":{"line":14,"column":39},"end":{"line":35,"column":5}},"line":14},"2":{"name":"(anonymous_2)","decl":{"start":{"line":37,"column":4},"end":{"line":37,"column":5}},"loc":{"start":{"line":37,"column":30},"end":{"line":40,"column":5}},"line":37}},"branchMap":{"0":{"loc":{"start":{"line":18,"column":8},"end":{"line":34,"column":9}},"type":"if","locations":[{"start":{"line":18,"column":8},"end":{"line":34,"column":9}},{"start":{"line":32,"column":13},"end":{"line":34,"column":9}}],"line":18}},"s":{"0":1,"1":1,"2":1,"3":1,"4":1,"5":1,"6":1,"7":2,"8":2,"9":2,"10":2,"11":2,"12":0,"13":2,"14":2,"15":1,"16":1},"f":{"0":1,"1":2,"2":2},"b":{"0":[2,0]},"_coverageSchema":"1a1c01bbd47fc00a2c39e90264f33305004495a9","hash":"419e01d59fee905a1bb5939b1f9b57566aef26f4"}
,"/home/nastybit/Documents/MyProjects/instachatServer/src/instachat.api/Routes/ChatRoutes.js": {"path":"/home/nastybit/Documents/MyProjects/instachatServer/src/instachat.api/Routes/ChatRoutes.js","statementMap":{"0":{"start":{"line":1,"column":19},"end":{"line":1,"column":37}},"1":{"start":{"line":2,"column":23},"end":{"line":2,"column":63}},"2":{"start":{"line":4,"column":15},"end":{"line":4,"column":23}},"3":{"start":{"line":6,"column":0},"end":{"line":6,"column":54}},"4":{"start":{"line":7,"column":0},"end":{"line":7,"column":60}},"5":{"start":{"line":9,"column":0},"end":{"line":9,"column":23}}},"fnMap":{},"branchMap":{},"s":{"0":1,"1":1,"2":1,"3":1,"4":1,"5":1},"f":{},"b":{},"_coverageSchema":"1a1c01bbd47fc00a2c39e90264f33305004495a9","hash":"9ed11da256d5ca2c0f0449602524b822030fe976"}
,"/home/nastybit/Documents/MyProjects/instachatServer/src/instachat.api/utils/generateHash.js": {"path":"/home/nastybit/Documents/MyProjects/instachatServer/src/instachat.api/utils/generateHash.js","statementMap":{"0":{"start":{"line":1,"column":15},"end":{"line":1,"column":32}},"1":{"start":{"line":3,"column":0},"end":{"line":5,"column":1}},"2":{"start":{"line":4,"column":4},"end":{"line":4,"column":72}}},"fnMap":{"0":{"name":"(anonymous_0)","decl":{"start":{"line":3,"column":17},"end":{"line":3,"column":18}},"loc":{"start":{"line":3,"column":39},"end":{"line":5,"column":1}},"line":3}},"branchMap":{},"s":{"0":1,"1":1,"2":2},"f":{"0":2},"b":{},"_coverageSchema":"1a1c01bbd47fc00a2c39e90264f33305004495a9","hash":"74f6bc4db4a9e389498fb1eb344bd49e23de4f9d"}
,"/home/nastybit/Documents/MyProjects/instachatServer/src/instachat.data/database/connection.js": {"path":"/home/nastybit/Documents/MyProjects/instachatServer/src/instachat.data/database/connection.js","statementMap":{"0":{"start":{"line":1,"column":21},"end":{"line":1,"column":40}},"1":{"start":{"line":3,"column":0},"end":{"line":5,"column":1}},"2":{"start":{"line":7,"column":0},"end":{"line":7,"column":33}}},"fnMap":{},"branchMap":{},"s":{"0":1,"1":1,"2":1},"f":{},"b":{},"_coverageSchema":"1a1c01bbd47fc00a2c39e90264f33305004495a9","hash":"fd79adf292f1100efb389919702ce54f75f56556"}
,"/home/nastybit/Documents/MyProjects/instachatServer/src/instachat.data/database/schemas/Chat.js": {"path":"/home/nastybit/Documents/MyProjects/instachatServer/src/instachat.data/database/schemas/Chat.js","statementMap":{"0":{"start":{"line":1,"column":25},"end":{"line":1,"column":52}},"1":{"start":{"line":3,"column":19},"end":{"line":19,"column":2}},"2":{"start":{"line":21,"column":0},"end":{"line":21,"column":55}}},"fnMap":{},"branchMap":{},"s":{"0":1,"1":1,"2":1},"f":{},"b":{},"_coverageSchema":"1a1c01bbd47fc00a2c39e90264f33305004495a9","hash":"8a5fbad69d8740fd4cc2fa0aeb3154d88baec2f0"}
,"/home/nastybit/Documents/MyProjects/instachatServer/src/instachat.data/repository/ChatRepository.js": {"path":"/home/nastybit/Documents/MyProjects/instachatServer/src/instachat.data/repository/ChatRepository.js","statementMap":{"0":{"start":{"line":1,"column":14},"end":{"line":1,"column":63}},"1":{"start":{"line":2,"column":23},"end":{"line":2,"column":58}},"2":{"start":{"line":7,"column":8},"end":{"line":7,"column":16}},"3":{"start":{"line":11,"column":8},"end":{"line":15,"column":10}},"4":{"start":{"line":19,"column":8},"end":{"line":19,"column":63}},"5":{"start":{"line":23,"column":0},"end":{"line":23,"column":31}}},"fnMap":{"0":{"name":"(anonymous_0)","decl":{"start":{"line":6,"column":4},"end":{"line":6,"column":5}},"loc":{"start":{"line":6,"column":17},"end":{"line":8,"column":5}},"line":6},"1":{"name":"(anonymous_1)","decl":{"start":{"line":10,"column":4},"end":{"line":10,"column":5}},"loc":{"start":{"line":10,"column":49},"end":{"line":16,"column":5}},"line":10},"2":{"name":"(anonymous_2)","decl":{"start":{"line":18,"column":4},"end":{"line":18,"column":5}},"loc":{"start":{"line":18,"column":31},"end":{"line":20,"column":5}},"line":18}},"branchMap":{},"s":{"0":1,"1":1,"2":1,"3":2,"4":2,"5":1},"f":{"0":1,"1":2,"2":2},"b":{},"_coverageSchema":"1a1c01bbd47fc00a2c39e90264f33305004495a9","hash":"8e40b02b9968bf2d81bb291809a82347b7aa855d"}
,"/home/nastybit/Documents/MyProjects/instachatServer/src/instachat.model/entities/ChatRequest.js": {"path":"/home/nastybit/Documents/MyProjects/instachatServer/src/instachat.model/entities/ChatRequest.js","statementMap":{"0":{"start":{"line":4,"column":8},"end":{"line":4,"column":32}},"1":{"start":{"line":5,"column":8},"end":{"line":5,"column":34}},"2":{"start":{"line":9,"column":32},"end":{"line":9,"column":64}},"3":{"start":{"line":10,"column":34},"end":{"line":12,"column":10}},"4":{"start":{"line":11,"column":12},"end":{"line":11,"column":84}},"5":{"start":{"line":14,"column":8},"end":{"line":17,"column":9}},"6":{"start":{"line":21,"column":0},"end":{"line":21,"column":21}}},"fnMap":{"0":{"name":"(anonymous_0)","decl":{"start":{"line":3,"column":4},"end":{"line":3,"column":5}},"loc":{"start":{"line":3,"column":40},"end":{"line":6,"column":5}},"line":3},"1":{"name":"(anonymous_1)","decl":{"start":{"line":8,"column":4},"end":{"line":8,"column":5}},"loc":{"start":{"line":8,"column":13},"end":{"line":18,"column":5}},"line":8},"2":{"name":"(anonymous_2)","decl":{"start":{"line":10,"column":58},"end":{"line":10,"column":59}},"loc":{"start":{"line":10,"column":74},"end":{"line":12,"column":9}},"line":10}},"branchMap":{"0":{"loc":{"start":{"line":11,"column":20},"end":{"line":11,"column":83}},"type":"binary-expr","locations":[{"start":{"line":11,"column":20},"end":{"line":11,"column":47}},{"start":{"line":11,"column":51},"end":{"line":11,"column":83}}],"line":11},"1":{"loc":{"start":{"line":16,"column":19},"end":{"line":16,"column":89}},"type":"cond-expr","locations":[{"start":{"line":16,"column":52},"end":{"line":16,"column":54}},{"start":{"line":16,"column":57},"end":{"line":16,"column":89}}],"line":16}},"s":{"0":2,"1":2,"2":2,"3":2,"4":4,"5":2,"6":1},"f":{"0":2,"1":2,"2":4},"b":{"0":[4,4],"1":[2,0]},"_coverageSchema":"1a1c01bbd47fc00a2c39e90264f33305004495a9","hash":"6a1f51a17033a55c5d4171ceb9207ba93e105fbf"}
,"/home/nastybit/Documents/MyProjects/instachatServer/src/instachat.model/entities/ChatRoom.js": {"path":"/home/nastybit/Documents/MyProjects/instachatServer/src/instachat.model/entities/ChatRoom.js","statementMap":{"0":{"start":{"line":4,"column":8},"end":{"line":4,"column":30}},"1":{"start":{"line":5,"column":8},"end":{"line":5,"column":24}},"2":{"start":{"line":6,"column":8},"end":{"line":6,"column":24}},"3":{"start":{"line":10,"column":32},"end":{"line":10,"column":64}},"4":{"start":{"line":11,"column":34},"end":{"line":13,"column":10}},"5":{"start":{"line":12,"column":12},"end":{"line":12,"column":46}},"6":{"start":{"line":15,"column":8},"end":{"line":18,"column":9}},"7":{"start":{"line":22,"column":0},"end":{"line":22,"column":25}}},"fnMap":{"0":{"name":"(anonymous_0)","decl":{"start":{"line":3,"column":4},"end":{"line":3,"column":5}},"loc":{"start":{"line":3,"column":40},"end":{"line":7,"column":5}},"line":3},"1":{"name":"(anonymous_1)","decl":{"start":{"line":9,"column":4},"end":{"line":9,"column":5}},"loc":{"start":{"line":9,"column":13},"end":{"line":19,"column":5}},"line":9},"2":{"name":"(anonymous_2)","decl":{"start":{"line":11,"column":55},"end":{"line":11,"column":56}},"loc":{"start":{"line":11,"column":71},"end":{"line":13,"column":9}},"line":11}},"branchMap":{"0":{"loc":{"start":{"line":17,"column":19},"end":{"line":17,"column":89}},"type":"cond-expr","locations":[{"start":{"line":17,"column":52},"end":{"line":17,"column":54}},{"start":{"line":17,"column":57},"end":{"line":17,"column":89}}],"line":17}},"s":{"0":2,"1":2,"2":2,"3":0,"4":0,"5":0,"6":0,"7":1},"f":{"0":2,"1":0,"2":0},"b":{"0":[0,0]},"_coverageSchema":"1a1c01bbd47fc00a2c39e90264f33305004495a9","hash":"bc2040e16b9d48c10ed1c938b7a61105a96dc857"}
,"/home/nastybit/Documents/MyProjects/instachatServer/src/instachat.model/interfaces/IChat.js": {"path":"/home/nastybit/Documents/MyProjects/instachatServer/src/instachat.model/interfaces/IChat.js","statementMap":{"0":{"start":{"line":4,"column":8},"end":{"line":4,"column":43}},"1":{"start":{"line":11,"column":8},"end":{"line":11,"column":44}},"2":{"start":{"line":15,"column":8},"end":{"line":15,"column":44}},"3":{"start":{"line":19,"column":0},"end":{"line":19,"column":23}}},"fnMap":{"0":{"name":"(anonymous_0)","decl":{"start":{"line":3,"column":4},"end":{"line":3,"column":5}},"loc":{"start":{"line":3,"column":23},"end":{"line":5,"column":5}},"line":3},"1":{"name":"(anonymous_1)","decl":{"start":{"line":10,"column":4},"end":{"line":10,"column":5}},"loc":{"start":{"line":10,"column":20},"end":{"line":12,"column":5}},"line":10},"2":{"name":"(anonymous_2)","decl":{"start":{"line":14,"column":4},"end":{"line":14,"column":5}},"loc":{"start":{"line":14,"column":17},"end":{"line":16,"column":5}},"line":14}},"branchMap":{},"s":{"0":0,"1":0,"2":0,"3":1},"f":{"0":0,"1":0,"2":0},"b":{},"_coverageSchema":"1a1c01bbd47fc00a2c39e90264f33305004495a9","hash":"714201f5968f9b7c56abedb33579dec199afcaf0"}
}
